<?xml version="1.0" encoding="UTF-8"?>
<testsuite name="com.jojoldu.book.ojonghwa.web.HelloControllerTest" tests="2" skipped="0" failures="0" errors="0" timestamp="2020-03-01T20:53:37" hostname="ojonghwa" time="0.569">
  <properties/>
  <testcase name="hello가_리턴된다" classname="com.jojoldu.book.ojonghwa.web.HelloControllerTest" time="0.318"/>
  <testcase name="helloDto가_리턴된다" classname="com.jojoldu.book.ojonghwa.web.HelloControllerTest" time="0.244"/>
  <system-out><![CDATA[2020-03-02 05:53:33.240  INFO 7864 --- [    Test worker] .b.t.a.w.s.WebMvcTestContextBootstrapper : Neither @ContextConfiguration nor @ContextHierarchy found for test class [com.jojoldu.book.ojonghwa.web.HelloControllerTest], using SpringBootContextLoader
2020-03-02 05:53:33.249  INFO 7864 --- [    Test worker] o.s.t.c.support.AbstractContextLoader    : Could not detect default resource locations for test class [com.jojoldu.book.ojonghwa.web.HelloControllerTest]: no resource found for suffixes {-context.xml, Context.groovy}.
2020-03-02 05:53:33.256  INFO 7864 --- [    Test worker] t.c.s.AnnotationConfigContextLoaderUtils : Could not detect default configuration classes for test class [com.jojoldu.book.ojonghwa.web.HelloControllerTest]: HelloControllerTest does not declare any static, non-private, non-final, nested classes annotated with @Configuration.
2020-03-02 05:53:33.496  INFO 7864 --- [    Test worker] .b.t.c.SpringBootTestContextBootstrapper : Found @SpringBootConfiguration com.jojoldu.book.ojonghwa.Application for test class com.jojoldu.book.ojonghwa.web.HelloControllerTest
2020-03-02 05:53:33.497  INFO 7864 --- [    Test worker] .b.t.a.w.s.WebMvcTestContextBootstrapper : Loaded default TestExecutionListener class names from location [META-INF/spring.factories]: [org.springframework.security.test.context.support.WithSecurityContextTestExecutionListener, org.springframework.security.test.context.support.ReactorContextTestExecutionListener, org.springframework.boot.test.autoconfigure.restdocs.RestDocsTestExecutionListener, org.springframework.boot.test.autoconfigure.web.client.MockRestServiceServerResetTestExecutionListener, org.springframework.boot.test.autoconfigure.web.servlet.MockMvcPrintOnlyOnFailureTestExecutionListener, org.springframework.boot.test.autoconfigure.web.servlet.WebDriverTestExecutionListener, org.springframework.boot.test.mock.mockito.MockitoTestExecutionListener, org.springframework.boot.test.mock.mockito.ResetMocksTestExecutionListener, org.springframework.test.context.web.ServletTestExecutionListener, org.springframework.test.context.support.DirtiesContextBeforeModesTestExecutionListener, org.springframework.test.context.support.DependencyInjectionTestExecutionListener, org.springframework.test.context.support.DirtiesContextTestExecutionListener, org.springframework.test.context.transaction.TransactionalTestExecutionListener, org.springframework.test.context.jdbc.SqlScriptsTestExecutionListener]
2020-03-02 05:53:33.501  INFO 7864 --- [    Test worker] .b.t.a.w.s.WebMvcTestContextBootstrapper : Using TestExecutionListeners: [org.springframework.test.context.web.ServletTestExecutionListener@32a3af5d, org.springframework.test.context.support.DirtiesContextBeforeModesTestExecutionListener@311fa4a7, org.springframework.boot.test.mock.mockito.MockitoTestExecutionListener@426416c0, org.springframework.boot.test.autoconfigure.SpringBootDependencyInjectionTestExecutionListener@7a96002, org.springframework.test.context.support.DirtiesContextTestExecutionListener@28dfeeed, org.springframework.test.context.transaction.TransactionalTestExecutionListener@64a94dcd, org.springframework.test.context.jdbc.SqlScriptsTestExecutionListener@699858e, org.springframework.security.test.context.support.WithSecurityContextTestExecutionListener@4afc4c2f, org.springframework.security.test.context.support.ReactorContextTestExecutionListener@1d836b1b, org.springframework.boot.test.autoconfigure.restdocs.RestDocsTestExecutionListener@336a9a43, org.springframework.boot.test.autoconfigure.web.client.MockRestServiceServerResetTestExecutionListener@7995cc55, org.springframework.boot.test.autoconfigure.web.servlet.MockMvcPrintOnlyOnFailureTestExecutionListener@51a07a7c, org.springframework.boot.test.autoconfigure.web.servlet.WebDriverTestExecutionListener@57fd18e0, org.springframework.boot.test.mock.mockito.ResetMocksTestExecutionListener@30a238de]

  .   ____          _            __ _ _
 /\\ / ___'_ __ _ _(_)_ __  __ _ \ \ \ \
( ( )\___ | '_ | '_| | '_ \/ _` | \ \ \ \
 \\/  ___)| |_)| | | | | || (_| |  ) ) ) )
  '  |____| .__|_| |_|_| |_\__, | / / / /
 =========|_|==============|___/=/_/_/_/
 :: Spring Boot ::        (v2.1.9.RELEASE)

2020-03-02 05:53:33.749  INFO 7864 --- [    Test worker] c.j.b.ojonghwa.web.HelloControllerTest   : Starting HelloControllerTest on ojonghwa with PID 7864 (started by jonghwa in D:\spring)
2020-03-02 05:53:33.765  INFO 7864 --- [    Test worker] c.j.b.ojonghwa.web.HelloControllerTest   : No active profile set, falling back to default profiles: default
2020-03-02 05:53:35.502  INFO 7864 --- [    Test worker] o.s.s.concurrent.ThreadPoolTaskExecutor  : Initializing ExecutorService 'applicationTaskExecutor'
2020-03-02 05:53:35.652  INFO 7864 --- [    Test worker] o.s.b.a.w.s.WelcomePageHandlerMapping    : Adding welcome page template: index
2020-03-02 05:53:36.210  INFO 7864 --- [    Test worker] .s.s.UserDetailsServiceAutoConfiguration : 

Using generated security password: 66ff15f6-d058-487b-9da8-8e0f3773b334

2020-03-02 05:53:36.663  INFO 7864 --- [    Test worker] o.s.s.web.DefaultSecurityFilterChain     : Creating filter chain: any request, [org.springframework.security.web.context.request.async.WebAsyncManagerIntegrationFilter@43e57015, org.springframework.security.web.context.SecurityContextPersistenceFilter@6cc4fc08, org.springframework.security.web.header.HeaderWriterFilter@77fc4c9, org.springframework.security.web.csrf.CsrfFilter@7e0ec9db, org.springframework.security.web.authentication.logout.LogoutFilter@5e3f7a79, org.springframework.security.web.authentication.UsernamePasswordAuthenticationFilter@e60e26, org.springframework.security.web.authentication.ui.DefaultLoginPageGeneratingFilter@777d40a4, org.springframework.security.web.authentication.ui.DefaultLogoutPageGeneratingFilter@63db7227, org.springframework.security.web.authentication.www.BasicAuthenticationFilter@5a2a933b, org.springframework.security.web.savedrequest.RequestCacheAwareFilter@3d76e7cc, org.springframework.security.web.servletapi.SecurityContextHolderAwareRequestFilter@44562527, org.springframework.security.web.authentication.AnonymousAuthenticationFilter@6d66862c, org.springframework.security.web.session.SessionManagementFilter@fb785ec, org.springframework.security.web.access.ExceptionTranslationFilter@208e2db9, org.springframework.security.web.access.intercept.FilterSecurityInterceptor@77f2f1b5]
2020-03-02 05:53:36.884  INFO 7864 --- [    Test worker] o.s.b.t.m.w.SpringBootMockServletContext : Initializing Spring TestDispatcherServlet ''
2020-03-02 05:53:36.887  INFO 7864 --- [    Test worker] o.s.t.web.servlet.TestDispatcherServlet  : Initializing Servlet ''
2020-03-02 05:53:36.933  INFO 7864 --- [    Test worker] o.s.t.web.servlet.TestDispatcherServlet  : Completed initialization in 43 ms
2020-03-02 05:53:37.025  INFO 7864 --- [    Test worker] c.j.b.ojonghwa.web.HelloControllerTest   : Started HelloControllerTest in 3.518 seconds (JVM running for 38.886)
]]></system-out>
  <system-err><![CDATA[]]></system-err>
</testsuite>
