<?xml version="1.0" encoding="UTF-8"?>
<testsuite name="com.jojoldu.book.ojonghwa.domain.posts.PostsRepositoryTest" tests="2" skipped="0" failures="0" errors="0" timestamp="2020-03-01T20:53:31" hostname="ojonghwa" time="1.262">
  <properties/>
  <testcase name="게시글저장_불러오기" classname="com.jojoldu.book.ojonghwa.domain.posts.PostsRepositoryTest" time="1.093"/>
  <testcase name="BaseTimeEntity_등록" classname="com.jojoldu.book.ojonghwa.domain.posts.PostsRepositoryTest" time="0.081"/>
  <system-out><![CDATA[05:53:04.872 [Test worker] DEBUG org.springframework.test.context.junit4.SpringJUnit4ClassRunner - SpringJUnit4ClassRunner constructor called with [class com.jojoldu.book.ojonghwa.domain.posts.PostsRepositoryTest]
05:53:04.927 [Test worker] DEBUG org.springframework.test.context.BootstrapUtils - Instantiating CacheAwareContextLoaderDelegate from class [org.springframework.test.context.cache.DefaultCacheAwareContextLoaderDelegate]
05:53:04.983 [Test worker] DEBUG org.springframework.test.context.BootstrapUtils - Instantiating BootstrapContext using constructor [public org.springframework.test.context.support.DefaultBootstrapContext(java.lang.Class,org.springframework.test.context.CacheAwareContextLoaderDelegate)]
05:53:05.115 [Test worker] DEBUG org.springframework.test.context.BootstrapUtils - Instantiating TestContextBootstrapper for test class [com.jojoldu.book.ojonghwa.domain.posts.PostsRepositoryTest] from class [org.springframework.boot.test.context.SpringBootTestContextBootstrapper]
05:53:05.157 [Test worker] INFO org.springframework.boot.test.context.SpringBootTestContextBootstrapper - Neither @ContextConfiguration nor @ContextHierarchy found for test class [com.jojoldu.book.ojonghwa.domain.posts.PostsRepositoryTest], using SpringBootContextLoader
05:53:05.185 [Test worker] DEBUG org.springframework.test.context.support.AbstractContextLoader - Did not detect default resource location for test class [com.jojoldu.book.ojonghwa.domain.posts.PostsRepositoryTest]: class path resource [com/jojoldu/book/ojonghwa/domain/posts/PostsRepositoryTest-context.xml] does not exist
05:53:05.215 [Test worker] DEBUG org.springframework.test.context.support.AbstractContextLoader - Did not detect default resource location for test class [com.jojoldu.book.ojonghwa.domain.posts.PostsRepositoryTest]: class path resource [com/jojoldu/book/ojonghwa/domain/posts/PostsRepositoryTestContext.groovy] does not exist
05:53:05.220 [Test worker] INFO org.springframework.test.context.support.AbstractContextLoader - Could not detect default resource locations for test class [com.jojoldu.book.ojonghwa.domain.posts.PostsRepositoryTest]: no resource found for suffixes {-context.xml, Context.groovy}.
05:53:05.240 [Test worker] INFO org.springframework.test.context.support.AnnotationConfigContextLoaderUtils - Could not detect default configuration classes for test class [com.jojoldu.book.ojonghwa.domain.posts.PostsRepositoryTest]: PostsRepositoryTest does not declare any static, non-private, non-final, nested classes annotated with @Configuration.
05:53:05.478 [Test worker] DEBUG org.springframework.test.context.support.ActiveProfilesUtils - Could not find an 'annotation declaring class' for annotation type [org.springframework.test.context.ActiveProfiles] and class [com.jojoldu.book.ojonghwa.domain.posts.PostsRepositoryTest]
05:53:05.983 [Test worker] DEBUG org.springframework.context.annotation.ClassPathScanningCandidateComponentProvider - Identified candidate component class: file [D:\spring\build\classes\java\main\com\jojoldu\book\ojonghwa\Application.class]
05:53:05.990 [Test worker] INFO org.springframework.boot.test.context.SpringBootTestContextBootstrapper - Found @SpringBootConfiguration com.jojoldu.book.ojonghwa.Application for test class com.jojoldu.book.ojonghwa.domain.posts.PostsRepositoryTest
05:53:06.419 [Test worker] DEBUG org.springframework.boot.test.context.SpringBootTestContextBootstrapper - @TestExecutionListeners is not present for class [com.jojoldu.book.ojonghwa.domain.posts.PostsRepositoryTest]: using defaults.
05:53:06.435 [Test worker] INFO org.springframework.boot.test.context.SpringBootTestContextBootstrapper - Loaded default TestExecutionListener class names from location [META-INF/spring.factories]: [org.springframework.security.test.context.support.WithSecurityContextTestExecutionListener, org.springframework.security.test.context.support.ReactorContextTestExecutionListener, org.springframework.boot.test.autoconfigure.restdocs.RestDocsTestExecutionListener, org.springframework.boot.test.autoconfigure.web.client.MockRestServiceServerResetTestExecutionListener, org.springframework.boot.test.autoconfigure.web.servlet.MockMvcPrintOnlyOnFailureTestExecutionListener, org.springframework.boot.test.autoconfigure.web.servlet.WebDriverTestExecutionListener, org.springframework.boot.test.mock.mockito.MockitoTestExecutionListener, org.springframework.boot.test.mock.mockito.ResetMocksTestExecutionListener, org.springframework.test.context.web.ServletTestExecutionListener, org.springframework.test.context.support.DirtiesContextBeforeModesTestExecutionListener, org.springframework.test.context.support.DependencyInjectionTestExecutionListener, org.springframework.test.context.support.DirtiesContextTestExecutionListener, org.springframework.test.context.transaction.TransactionalTestExecutionListener, org.springframework.test.context.jdbc.SqlScriptsTestExecutionListener]
05:53:06.524 [Test worker] INFO org.springframework.boot.test.context.SpringBootTestContextBootstrapper - Using TestExecutionListeners: [org.springframework.test.context.web.ServletTestExecutionListener@4835e87a, org.springframework.test.context.support.DirtiesContextBeforeModesTestExecutionListener@b5c0ce5, org.springframework.boot.test.mock.mockito.MockitoTestExecutionListener@1d42845c, org.springframework.boot.test.autoconfigure.SpringBootDependencyInjectionTestExecutionListener@474601d2, org.springframework.test.context.support.DirtiesContextTestExecutionListener@20574778, org.springframework.test.context.transaction.TransactionalTestExecutionListener@4b075cb3, org.springframework.test.context.jdbc.SqlScriptsTestExecutionListener@426e51eb, org.springframework.security.test.context.support.WithSecurityContextTestExecutionListener@355180e5, org.springframework.security.test.context.support.ReactorContextTestExecutionListener@2fa76db0, org.springframework.boot.test.autoconfigure.restdocs.RestDocsTestExecutionListener@5e345e33, org.springframework.boot.test.autoconfigure.web.client.MockRestServiceServerResetTestExecutionListener@6ee5ad17, org.springframework.boot.test.autoconfigure.web.servlet.MockMvcPrintOnlyOnFailureTestExecutionListener@570a4e86, org.springframework.boot.test.autoconfigure.web.servlet.WebDriverTestExecutionListener@4354633a, org.springframework.boot.test.mock.mockito.ResetMocksTestExecutionListener@3fed78a5]
05:53:06.533 [Test worker] DEBUG org.springframework.test.annotation.ProfileValueUtils - Retrieved @ProfileValueSourceConfiguration [null] for test class [com.jojoldu.book.ojonghwa.domain.posts.PostsRepositoryTest]
05:53:06.535 [Test worker] DEBUG org.springframework.test.annotation.ProfileValueUtils - Retrieved ProfileValueSource type [class org.springframework.test.annotation.SystemProfileValueSource] for class [com.jojoldu.book.ojonghwa.domain.posts.PostsRepositoryTest]
05:53:06.537 [Test worker] DEBUG org.springframework.test.annotation.ProfileValueUtils - Retrieved @ProfileValueSourceConfiguration [null] for test class [com.jojoldu.book.ojonghwa.domain.posts.PostsRepositoryTest]
05:53:06.537 [Test worker] DEBUG org.springframework.test.annotation.ProfileValueUtils - Retrieved ProfileValueSource type [class org.springframework.test.annotation.SystemProfileValueSource] for class [com.jojoldu.book.ojonghwa.domain.posts.PostsRepositoryTest]
05:53:06.723 [Test worker] DEBUG org.springframework.test.context.support.AbstractDirtiesContextTestExecutionListener - Before test class: context [DefaultTestContext@2f5c89aa testClass = PostsRepositoryTest, testInstance = [null], testMethod = [null], testException = [null], mergedContextConfiguration = [WebMergedContextConfiguration@63d5a07f testClass = PostsRepositoryTest, locations = '{}', classes = '{class com.jojoldu.book.ojonghwa.Application}', contextInitializerClasses = '[]', activeProfiles = '{}', propertySourceLocations = '{}', propertySourceProperties = '{org.springframework.boot.test.context.SpringBootTestContextBootstrapper=true}', contextCustomizers = set[org.springframework.boot.test.autoconfigure.properties.PropertyMappingContextCustomizer@0, org.springframework.boot.test.autoconfigure.web.servlet.WebDriverContextCustomizerFactory$Customizer@2c7dfb38, org.springframework.boot.test.context.filter.ExcludeFilterContextCustomizer@13909535, org.springframework.boot.test.json.DuplicateJsonObjectContextCustomizerFactory$DuplicateJsonObjectContextCustomizer@54728693, org.springframework.boot.test.mock.mockito.MockitoContextCustomizer@0, org.springframework.boot.test.web.client.TestRestTemplateContextCustomizer@7528941e], resourceBasePath = 'src/main/webapp', contextLoader = 'org.springframework.boot.test.context.SpringBootContextLoader', parent = [null]], attributes = map['org.springframework.test.context.web.ServletTestExecutionListener.activateListener' -> true]], class annotated with @DirtiesContext [false] with mode [null].
05:53:06.732 [Test worker] DEBUG org.springframework.test.annotation.ProfileValueUtils - Retrieved @ProfileValueSourceConfiguration [null] for test class [com.jojoldu.book.ojonghwa.domain.posts.PostsRepositoryTest]
05:53:06.736 [Test worker] DEBUG org.springframework.test.annotation.ProfileValueUtils - Retrieved ProfileValueSource type [class org.springframework.test.annotation.SystemProfileValueSource] for class [com.jojoldu.book.ojonghwa.domain.posts.PostsRepositoryTest]
05:53:06.825 [Test worker] DEBUG org.springframework.test.context.support.TestPropertySourceUtils - Adding inlined properties to environment: {spring.jmx.enabled=false, org.springframework.boot.test.context.SpringBootTestContextBootstrapper=true, server.port=-1}

  .   ____          _            __ _ _
 /\\ / ___'_ __ _ _(_)_ __  __ _ \ \ \ \
( ( )\___ | '_ | '_| | '_ \/ _` | \ \ \ \
 \\/  ___)| |_)| | | | | || (_| |  ) ) ) )
  '  |____| .__|_| |_|_| |_\__, | / / / /
 =========|_|==============|___/=/_/_/_/
 :: Spring Boot ::        (v2.1.9.RELEASE)

2020-03-02 05:53:08.325  INFO 7864 --- [    Test worker] c.j.b.o.d.posts.PostsRepositoryTest      : Starting PostsRepositoryTest on ojonghwa with PID 7864 (started by jonghwa in D:\spring)
2020-03-02 05:53:08.333  INFO 7864 --- [    Test worker] c.j.b.o.d.posts.PostsRepositoryTest      : No active profile set, falling back to default profiles: default
2020-03-02 05:53:12.963  INFO 7864 --- [    Test worker] .s.d.r.c.RepositoryConfigurationDelegate : Bootstrapping Spring Data repositories in DEFAULT mode.
2020-03-02 05:53:13.280  INFO 7864 --- [    Test worker] .s.d.r.c.RepositoryConfigurationDelegate : Finished Spring Data repository scanning in 258ms. Found 2 repository interfaces.
2020-03-02 05:53:15.376  INFO 7864 --- [    Test worker] trationDelegate$BeanPostProcessorChecker : Bean 'org.springframework.transaction.annotation.ProxyTransactionManagementConfiguration' of type [org.springframework.transaction.annotation.ProxyTransactionManagementConfiguration$$EnhancerBySpringCGLIB$$6d940f6d] is not eligible for getting processed by all BeanPostProcessors (for example: not eligible for auto-proxying)
2020-03-02 05:53:16.371  INFO 7864 --- [    Test worker] com.zaxxer.hikari.HikariDataSource       : HikariPool-1 - Starting...
2020-03-02 05:53:16.955  INFO 7864 --- [    Test worker] com.zaxxer.hikari.HikariDataSource       : HikariPool-1 - Start completed.
2020-03-02 05:53:17.722  INFO 7864 --- [    Test worker] o.hibernate.jpa.internal.util.LogHelper  : HHH000204: Processing PersistenceUnitInfo [
	name: default
	...]
2020-03-02 05:53:18.090  INFO 7864 --- [    Test worker] org.hibernate.Version                    : HHH000412: Hibernate Core {5.3.12.Final}
2020-03-02 05:53:18.097  INFO 7864 --- [    Test worker] org.hibernate.cfg.Environment            : HHH000206: hibernate.properties not found
2020-03-02 05:53:18.650  INFO 7864 --- [    Test worker] o.hibernate.annotations.common.Version   : HCANN000001: Hibernate Commons Annotations {5.0.4.Final}
2020-03-02 05:53:19.199  INFO 7864 --- [    Test worker] org.hibernate.dialect.Dialect            : HHH000400: Using dialect: org.hibernate.dialect.MySQL5InnoDBDialect
Hibernate: drop table if exists posts
Hibernate: drop table if exists user
Hibernate: create table posts (id bigint not null auto_increment, created_date datetime, modified_date datetime, author varchar(255), content TEXT not null, title varchar(500) not null, primary key (id)) engine=InnoDB
Hibernate: create table user (id bigint not null auto_increment, created_date datetime, modified_date datetime, email varchar(255) not null, name varchar(255) not null, picture varchar(255), role varchar(255) not null, primary key (id)) engine=InnoDB
2020-03-02 05:53:21.387  INFO 7864 --- [    Test worker] o.h.t.schema.internal.SchemaCreatorImpl  : HHH000476: Executing import script 'org.hibernate.tool.schema.internal.exec.ScriptSourceInputNonExistentImpl@5517b597'
2020-03-02 05:53:21.401  INFO 7864 --- [    Test worker] j.LocalContainerEntityManagerFactoryBean : Initialized JPA EntityManagerFactory for persistence unit 'default'
2020-03-02 05:53:24.091  INFO 7864 --- [    Test worker] o.h.h.i.QueryTranslatorFactoryInitiator  : HHH000397: Using ASTQueryTranslatorFactory
2020-03-02 05:53:26.728  INFO 7864 --- [    Test worker] o.s.s.web.DefaultSecurityFilterChain     : Creating filter chain: any request, [org.springframework.security.web.context.request.async.WebAsyncManagerIntegrationFilter@7fd5274b, org.springframework.security.web.context.SecurityContextPersistenceFilter@3f9958b8, org.springframework.security.web.header.HeaderWriterFilter@3875be0, org.springframework.security.web.authentication.logout.LogoutFilter@1b34e21e, org.springframework.security.oauth2.client.web.OAuth2AuthorizationRequestRedirectFilter@3960bccf, org.springframework.security.oauth2.client.web.OAuth2LoginAuthenticationFilter@4f238e47, org.springframework.security.web.authentication.ui.DefaultLoginPageGeneratingFilter@62c2fd10, org.springframework.security.web.authentication.ui.DefaultLogoutPageGeneratingFilter@40185505, org.springframework.security.web.savedrequest.RequestCacheAwareFilter@75b3bb1f, org.springframework.security.web.servletapi.SecurityContextHolderAwareRequestFilter@17c66c5c, org.springframework.security.web.authentication.AnonymousAuthenticationFilter@2dc9812f, org.springframework.security.web.session.SessionManagementFilter@515a95c1, org.springframework.security.web.access.ExceptionTranslationFilter@71a5a3bf, org.springframework.security.web.access.intercept.FilterSecurityInterceptor@5bdeec6d]
2020-03-02 05:53:29.485  INFO 7864 --- [    Test worker] o.s.s.concurrent.ThreadPoolTaskExecutor  : Initializing ExecutorService 'applicationTaskExecutor'
2020-03-02 05:53:29.861  WARN 7864 --- [    Test worker] aWebConfiguration$JpaWebMvcConfiguration : spring.jpa.open-in-view is enabled by default. Therefore, database queries may be performed during view rendering. Explicitly configure spring.jpa.open-in-view to disable this warning
2020-03-02 05:53:30.021  INFO 7864 --- [    Test worker] o.s.b.a.w.s.WelcomePageHandlerMapping    : Adding welcome page template: index
2020-03-02 05:53:31.646  INFO 7864 --- [    Test worker] s.a.ScheduledAnnotationBeanPostProcessor : No TaskScheduler/ScheduledExecutorService bean found for scheduled processing
2020-03-02 05:53:31.679  INFO 7864 --- [    Test worker] c.j.b.o.d.posts.PostsRepositoryTest      : Started PostsRepositoryTest in 24.816 seconds (JVM running for 33.54)
Hibernate: insert into posts (created_date, modified_date, author, content, title) values (?, ?, ?, ?, ?)
Hibernate: select posts0_.id as id1_0_, posts0_.created_date as created_2_0_, posts0_.modified_date as modified3_0_, posts0_.author as author4_0_, posts0_.content as content5_0_, posts0_.title as title6_0_ from posts posts0_
Hibernate: select posts0_.id as id1_0_, posts0_.created_date as created_2_0_, posts0_.modified_date as modified3_0_, posts0_.author as author4_0_, posts0_.content as content5_0_, posts0_.title as title6_0_ from posts posts0_
Hibernate: delete from posts where id=?
Hibernate: insert into posts (created_date, modified_date, author, content, title) values (?, ?, ?, ?, ?)
Hibernate: select posts0_.id as id1_0_, posts0_.created_date as created_2_0_, posts0_.modified_date as modified3_0_, posts0_.author as author4_0_, posts0_.content as content5_0_, posts0_.title as title6_0_ from posts posts0_
>>>>>>>>> createDate=2020-03-02T05:53:32.992780, modifiedDate=2020-03-02T05:53:32.992780
Hibernate: select posts0_.id as id1_0_, posts0_.created_date as created_2_0_, posts0_.modified_date as modified3_0_, posts0_.author as author4_0_, posts0_.content as content5_0_, posts0_.title as title6_0_ from posts posts0_
Hibernate: delete from posts where id=?
]]></system-out>
  <system-err><![CDATA[]]></system-err>
</testsuite>
