<?xml version="1.0" encoding="UTF-8"?>
<testsuite name="com.jojoldu.book.ojonghwa.domain.posts.PostsRepositoryTest" tests="2" skipped="0" failures="0" errors="0" timestamp="2020-03-02T13:57:34" hostname="ojonghwa" time="0.613">
  <properties/>
  <testcase name="게시글저장_불러오기" classname="com.jojoldu.book.ojonghwa.domain.posts.PostsRepositoryTest" time="0.527"/>
  <testcase name="BaseTimeEntity_등록" classname="com.jojoldu.book.ojonghwa.domain.posts.PostsRepositoryTest" time="0.076"/>
  <system-out><![CDATA[2020-03-02 22:57:27.935  INFO 4700 --- [    Test worker] .b.t.c.SpringBootTestContextBootstrapper : Neither @ContextConfiguration nor @ContextHierarchy found for test class [com.jojoldu.book.ojonghwa.domain.posts.PostsRepositoryTest], using SpringBootContextLoader
2020-03-02 22:57:27.944  INFO 4700 --- [    Test worker] o.s.t.c.support.AbstractContextLoader    : Could not detect default resource locations for test class [com.jojoldu.book.ojonghwa.domain.posts.PostsRepositoryTest]: no resource found for suffixes {-context.xml, Context.groovy}.
2020-03-02 22:57:27.950  INFO 4700 --- [    Test worker] t.c.s.AnnotationConfigContextLoaderUtils : Could not detect default configuration classes for test class [com.jojoldu.book.ojonghwa.domain.posts.PostsRepositoryTest]: PostsRepositoryTest does not declare any static, non-private, non-final, nested classes annotated with @Configuration.
2020-03-02 22:57:28.001  INFO 4700 --- [    Test worker] .b.t.c.SpringBootTestContextBootstrapper : Found @SpringBootConfiguration com.jojoldu.book.ojonghwa.Application for test class com.jojoldu.book.ojonghwa.domain.posts.PostsRepositoryTest
2020-03-02 22:57:28.015  INFO 4700 --- [    Test worker] .b.t.c.SpringBootTestContextBootstrapper : Loaded default TestExecutionListener class names from location [META-INF/spring.factories]: [org.springframework.security.test.context.support.WithSecurityContextTestExecutionListener, org.springframework.security.test.context.support.ReactorContextTestExecutionListener, org.springframework.boot.test.autoconfigure.restdocs.RestDocsTestExecutionListener, org.springframework.boot.test.autoconfigure.web.client.MockRestServiceServerResetTestExecutionListener, org.springframework.boot.test.autoconfigure.web.servlet.MockMvcPrintOnlyOnFailureTestExecutionListener, org.springframework.boot.test.autoconfigure.web.servlet.WebDriverTestExecutionListener, org.springframework.boot.test.mock.mockito.MockitoTestExecutionListener, org.springframework.boot.test.mock.mockito.ResetMocksTestExecutionListener, org.springframework.test.context.web.ServletTestExecutionListener, org.springframework.test.context.support.DirtiesContextBeforeModesTestExecutionListener, org.springframework.test.context.support.DependencyInjectionTestExecutionListener, org.springframework.test.context.support.DirtiesContextTestExecutionListener, org.springframework.test.context.transaction.TransactionalTestExecutionListener, org.springframework.test.context.jdbc.SqlScriptsTestExecutionListener]
2020-03-02 22:57:28.035  INFO 4700 --- [    Test worker] .b.t.c.SpringBootTestContextBootstrapper : Using TestExecutionListeners: [org.springframework.test.context.web.ServletTestExecutionListener@41ce2ea0, org.springframework.test.context.support.DirtiesContextBeforeModesTestExecutionListener@58e9d5b8, org.springframework.boot.test.mock.mockito.MockitoTestExecutionListener@5d2c6cd3, org.springframework.boot.test.autoconfigure.SpringBootDependencyInjectionTestExecutionListener@55e20cfd, org.springframework.test.context.support.DirtiesContextTestExecutionListener@656983cf, org.springframework.test.context.transaction.TransactionalTestExecutionListener@733bcecf, org.springframework.test.context.jdbc.SqlScriptsTestExecutionListener@4dcf6e8f, org.springframework.security.test.context.support.WithSecurityContextTestExecutionListener@88f062f, org.springframework.security.test.context.support.ReactorContextTestExecutionListener@21519b0a, org.springframework.boot.test.autoconfigure.restdocs.RestDocsTestExecutionListener@c316459, org.springframework.boot.test.autoconfigure.web.client.MockRestServiceServerResetTestExecutionListener@3abcc846, org.springframework.boot.test.autoconfigure.web.servlet.MockMvcPrintOnlyOnFailureTestExecutionListener@4af20f40, org.springframework.boot.test.autoconfigure.web.servlet.WebDriverTestExecutionListener@67d654df, org.springframework.boot.test.mock.mockito.ResetMocksTestExecutionListener@6042e7d0]

  .   ____          _            __ _ _
 /\\ / ___'_ __ _ _(_)_ __  __ _ \ \ \ \
( ( )\___ | '_ | '_| | '_ \/ _` | \ \ \ \
 \\/  ___)| |_)| | | | | || (_| |  ) ) ) )
  '  |____| .__|_| |_|_| |_\__, | / / / /
 =========|_|==============|___/=/_/_/_/
 :: Spring Boot ::        (v2.1.9.RELEASE)

2020-03-02 22:57:28.526  INFO 4700 --- [    Test worker] c.j.b.o.d.posts.PostsRepositoryTest      : Starting PostsRepositoryTest on ojonghwa with PID 4700 (started by jonghwa in D:\spring)
2020-03-02 22:57:28.533  INFO 4700 --- [    Test worker] c.j.b.o.d.posts.PostsRepositoryTest      : No active profile set, falling back to default profiles: default
2020-03-02 22:57:29.496  INFO 4700 --- [    Test worker] .s.d.r.c.RepositoryConfigurationDelegate : Bootstrapping Spring Data repositories in DEFAULT mode.
2020-03-02 22:57:29.561  INFO 4700 --- [    Test worker] .s.d.r.c.RepositoryConfigurationDelegate : Finished Spring Data repository scanning in 59ms. Found 2 repository interfaces.
2020-03-02 22:57:29.911  INFO 4700 --- [    Test worker] trationDelegate$BeanPostProcessorChecker : Bean 'org.springframework.transaction.annotation.ProxyTransactionManagementConfiguration' of type [org.springframework.transaction.annotation.ProxyTransactionManagementConfiguration$$EnhancerBySpringCGLIB$$e109ab96] is not eligible for getting processed by all BeanPostProcessors (for example: not eligible for auto-proxying)
2020-03-02 22:57:30.147  INFO 4700 --- [    Test worker] com.zaxxer.hikari.HikariDataSource       : HikariPool-2 - Starting...
2020-03-02 22:57:30.153  INFO 4700 --- [    Test worker] com.zaxxer.hikari.HikariDataSource       : HikariPool-2 - Start completed.
2020-03-02 22:57:30.225  INFO 4700 --- [    Test worker] o.hibernate.jpa.internal.util.LogHelper  : HHH000204: Processing PersistenceUnitInfo [
	name: default
	...]
2020-03-02 22:57:30.272  INFO 4700 --- [    Test worker] org.hibernate.dialect.Dialect            : HHH000400: Using dialect: org.hibernate.dialect.MySQL5InnoDBDialect
Hibernate: drop table if exists posts
Hibernate: drop table if exists user
Hibernate: create table posts (id bigint not null auto_increment, created_date datetime, modified_date datetime, author varchar(255), content TEXT not null, title varchar(500) not null, primary key (id)) engine=InnoDB
Hibernate: create table user (id bigint not null auto_increment, created_date datetime, modified_date datetime, email varchar(255) not null, name varchar(255) not null, picture varchar(255), role varchar(255) not null, primary key (id)) engine=InnoDB
2020-03-02 22:57:30.725  INFO 4700 --- [    Test worker] o.h.t.schema.internal.SchemaCreatorImpl  : HHH000476: Executing import script 'org.hibernate.tool.schema.internal.exec.ScriptSourceInputNonExistentImpl@353a2c43'
2020-03-02 22:57:30.725  INFO 4700 --- [    Test worker] j.LocalContainerEntityManagerFactoryBean : Initialized JPA EntityManagerFactory for persistence unit 'default'
2020-03-02 22:57:31.358  INFO 4700 --- [    Test worker] o.h.h.i.QueryTranslatorFactoryInitiator  : HHH000397: Using ASTQueryTranslatorFactory
2020-03-02 22:57:31.901  INFO 4700 --- [    Test worker] o.s.s.web.DefaultSecurityFilterChain     : Creating filter chain: any request, [org.springframework.security.web.context.request.async.WebAsyncManagerIntegrationFilter@7106fc7c, org.springframework.security.web.context.SecurityContextPersistenceFilter@d14a4df, org.springframework.security.web.header.HeaderWriterFilter@59e304d1, org.springframework.security.web.authentication.logout.LogoutFilter@7a703146, org.springframework.security.oauth2.client.web.OAuth2AuthorizationRequestRedirectFilter@af73811, org.springframework.security.oauth2.client.web.OAuth2LoginAuthenticationFilter@2a0f0c97, org.springframework.security.web.authentication.ui.DefaultLoginPageGeneratingFilter@52ea5598, org.springframework.security.web.authentication.ui.DefaultLogoutPageGeneratingFilter@1e3d1278, org.springframework.security.web.savedrequest.RequestCacheAwareFilter@6725b38d, org.springframework.security.web.servletapi.SecurityContextHolderAwareRequestFilter@2621e634, org.springframework.security.web.authentication.AnonymousAuthenticationFilter@2d39861e, org.springframework.security.web.session.SessionManagementFilter@14fc0860, org.springframework.security.web.access.ExceptionTranslationFilter@7bf2253d, org.springframework.security.web.access.intercept.FilterSecurityInterceptor@6a70a480]
2020-03-02 22:57:33.056  INFO 4700 --- [    Test worker] o.s.s.concurrent.ThreadPoolTaskExecutor  : Initializing ExecutorService 'applicationTaskExecutor'
2020-03-02 22:57:33.100  WARN 4700 --- [    Test worker] aWebConfiguration$JpaWebMvcConfiguration : spring.jpa.open-in-view is enabled by default. Therefore, database queries may be performed during view rendering. Explicitly configure spring.jpa.open-in-view to disable this warning
2020-03-02 22:57:33.180  INFO 4700 --- [    Test worker] o.s.b.a.w.s.WelcomePageHandlerMapping    : Adding welcome page template: index
2020-03-02 22:57:34.219  INFO 4700 --- [    Test worker] s.a.ScheduledAnnotationBeanPostProcessor : No TaskScheduler/ScheduledExecutorService bean found for scheduled processing
2020-03-02 22:57:34.224  INFO 4700 --- [    Test worker] c.j.b.o.d.posts.PostsRepositoryTest      : Started PostsRepositoryTest in 6.165 seconds (JVM running for 41.086)
Hibernate: insert into posts (created_date, modified_date, author, content, title) values (?, ?, ?, ?, ?)
Hibernate: select posts0_.id as id1_0_, posts0_.created_date as created_2_0_, posts0_.modified_date as modified3_0_, posts0_.author as author4_0_, posts0_.content as content5_0_, posts0_.title as title6_0_ from posts posts0_
Hibernate: select posts0_.id as id1_0_, posts0_.created_date as created_2_0_, posts0_.modified_date as modified3_0_, posts0_.author as author4_0_, posts0_.content as content5_0_, posts0_.title as title6_0_ from posts posts0_
Hibernate: delete from posts where id=?
Hibernate: insert into posts (created_date, modified_date, author, content, title) values (?, ?, ?, ?, ?)
Hibernate: select posts0_.id as id1_0_, posts0_.created_date as created_2_0_, posts0_.modified_date as modified3_0_, posts0_.author as author4_0_, posts0_.content as content5_0_, posts0_.title as title6_0_ from posts posts0_
>>>>>>>>> createDate=2020-03-02T22:57:34.805574, modifiedDate=2020-03-02T22:57:34.805574
Hibernate: select posts0_.id as id1_0_, posts0_.created_date as created_2_0_, posts0_.modified_date as modified3_0_, posts0_.author as author4_0_, posts0_.content as content5_0_, posts0_.title as title6_0_ from posts posts0_
Hibernate: delete from posts where id=?
]]></system-out>
  <system-err><![CDATA[]]></system-err>
</testsuite>
