<?xml version="1.0" encoding="UTF-8"?>
<testsuite name="com.jojoldu.book.ojonghwa.web.dto.HelloResponseDtoTest" tests="1" skipped="0" failures="0" errors="0" timestamp="2020-03-02T13:57:34" hostname="ojonghwa" time="0.018">
  <properties/>
  <testcase name="롬복_기능_테스트" classname="com.jojoldu.book.ojonghwa.web.dto.HelloResponseDtoTest" time="0.018"/>
  <system-out><![CDATA[]]></system-out>
  <system-err><![CDATA[]]></system-err>
</testsuite>
