<?xml version="1.0" encoding="UTF-8"?>
<testsuite name="com.jojoldu.book.ojonghwa.web.IndexControllerTest" tests="1" skipped="0" failures="0" errors="0" timestamp="2020-03-01T20:53:47" hostname="ojonghwa" time="0.973">
  <properties/>
  <testcase name="메인페이지_로딩" classname="com.jojoldu.book.ojonghwa.web.IndexControllerTest" time="0.973"/>
  <system-out><![CDATA[2020-03-02 05:53:37.630  INFO 7864 --- [    Test worker] .b.t.c.SpringBootTestContextBootstrapper : Neither @ContextConfiguration nor @ContextHierarchy found for test class [com.jojoldu.book.ojonghwa.web.IndexControllerTest], using SpringBootContextLoader
2020-03-02 05:53:37.667  INFO 7864 --- [    Test worker] o.s.t.c.support.AbstractContextLoader    : Could not detect default resource locations for test class [com.jojoldu.book.ojonghwa.web.IndexControllerTest]: no resource found for suffixes {-context.xml, Context.groovy}.
2020-03-02 05:53:37.668  INFO 7864 --- [    Test worker] t.c.s.AnnotationConfigContextLoaderUtils : Could not detect default configuration classes for test class [com.jojoldu.book.ojonghwa.web.IndexControllerTest]: IndexControllerTest does not declare any static, non-private, non-final, nested classes annotated with @Configuration.
2020-03-02 05:53:37.670  INFO 7864 --- [    Test worker] .b.t.c.SpringBootTestContextBootstrapper : Found @SpringBootConfiguration com.jojoldu.book.ojonghwa.Application for test class com.jojoldu.book.ojonghwa.web.IndexControllerTest
2020-03-02 05:53:37.676  INFO 7864 --- [    Test worker] .b.t.c.SpringBootTestContextBootstrapper : Loaded default TestExecutionListener class names from location [META-INF/spring.factories]: [org.springframework.security.test.context.support.WithSecurityContextTestExecutionListener, org.springframework.security.test.context.support.ReactorContextTestExecutionListener, org.springframework.boot.test.autoconfigure.restdocs.RestDocsTestExecutionListener, org.springframework.boot.test.autoconfigure.web.client.MockRestServiceServerResetTestExecutionListener, org.springframework.boot.test.autoconfigure.web.servlet.MockMvcPrintOnlyOnFailureTestExecutionListener, org.springframework.boot.test.autoconfigure.web.servlet.WebDriverTestExecutionListener, org.springframework.boot.test.mock.mockito.MockitoTestExecutionListener, org.springframework.boot.test.mock.mockito.ResetMocksTestExecutionListener, org.springframework.test.context.web.ServletTestExecutionListener, org.springframework.test.context.support.DirtiesContextBeforeModesTestExecutionListener, org.springframework.test.context.support.DependencyInjectionTestExecutionListener, org.springframework.test.context.support.DirtiesContextTestExecutionListener, org.springframework.test.context.transaction.TransactionalTestExecutionListener, org.springframework.test.context.jdbc.SqlScriptsTestExecutionListener]
2020-03-02 05:53:37.679  INFO 7864 --- [    Test worker] .b.t.c.SpringBootTestContextBootstrapper : Using TestExecutionListeners: [org.springframework.test.context.web.ServletTestExecutionListener@78e2cba2, org.springframework.test.context.support.DirtiesContextBeforeModesTestExecutionListener@7e825c75, org.springframework.boot.test.mock.mockito.MockitoTestExecutionListener@253f4dc6, org.springframework.boot.test.autoconfigure.SpringBootDependencyInjectionTestExecutionListener@6e9669c4, org.springframework.test.context.support.DirtiesContextTestExecutionListener@47106f, org.springframework.test.context.transaction.TransactionalTestExecutionListener@6c4a95e6, org.springframework.test.context.jdbc.SqlScriptsTestExecutionListener@33c4a4d4, org.springframework.security.test.context.support.WithSecurityContextTestExecutionListener@6e413321, org.springframework.security.test.context.support.ReactorContextTestExecutionListener@563d92ee, org.springframework.boot.test.autoconfigure.restdocs.RestDocsTestExecutionListener@6e60c86a, org.springframework.boot.test.autoconfigure.web.client.MockRestServiceServerResetTestExecutionListener@78942376, org.springframework.boot.test.autoconfigure.web.servlet.MockMvcPrintOnlyOnFailureTestExecutionListener@1f2bcf7e, org.springframework.boot.test.autoconfigure.web.servlet.WebDriverTestExecutionListener@25bb8497, org.springframework.boot.test.mock.mockito.ResetMocksTestExecutionListener@4df03bd2]

  .   ____          _            __ _ _
 /\\ / ___'_ __ _ _(_)_ __  __ _ \ \ \ \
( ( )\___ | '_ | '_| | '_ \/ _` | \ \ \ \
 \\/  ___)| |_)| | | | | || (_| |  ) ) ) )
  '  |____| .__|_| |_|_| |_\__, | / / / /
 =========|_|==============|___/=/_/_/_/
 :: Spring Boot ::        (v2.1.9.RELEASE)

2020-03-02 05:53:37.891  INFO 7864 --- [    Test worker] c.j.b.ojonghwa.web.IndexControllerTest   : Starting IndexControllerTest on ojonghwa with PID 7864 (started by jonghwa in D:\spring)
2020-03-02 05:53:37.892  INFO 7864 --- [    Test worker] c.j.b.ojonghwa.web.IndexControllerTest   : No active profile set, falling back to default profiles: default
2020-03-02 05:53:38.856  INFO 7864 --- [    Test worker] .s.d.r.c.RepositoryConfigurationDelegate : Bootstrapping Spring Data repositories in DEFAULT mode.
2020-03-02 05:53:39.216  INFO 7864 --- [    Test worker] .s.d.r.c.RepositoryConfigurationDelegate : Finished Spring Data repository scanning in 351ms. Found 2 repository interfaces.
2020-03-02 05:53:39.737  INFO 7864 --- [    Test worker] trationDelegate$BeanPostProcessorChecker : Bean 'org.springframework.transaction.annotation.ProxyTransactionManagementConfiguration' of type [org.springframework.transaction.annotation.ProxyTransactionManagementConfiguration$$EnhancerBySpringCGLIB$$6d940f6d] is not eligible for getting processed by all BeanPostProcessors (for example: not eligible for auto-proxying)
2020-03-02 05:53:40.586  INFO 7864 --- [    Test worker] o.s.b.w.embedded.tomcat.TomcatWebServer  : Tomcat initialized with port(s): 0 (http)
2020-03-02 05:53:40.815  INFO 7864 --- [    Test worker] o.apache.catalina.core.StandardService   : Starting service [Tomcat]
2020-03-02 05:53:40.825  INFO 7864 --- [    Test worker] org.apache.catalina.core.StandardEngine  : Starting Servlet engine: [Apache Tomcat/9.0.26]
2020-03-02 05:53:41.694  INFO 7864 --- [    Test worker] o.a.c.c.C.[Tomcat].[localhost].[/]       : Initializing Spring embedded WebApplicationContext
2020-03-02 05:53:41.700  INFO 7864 --- [    Test worker] o.s.web.context.ContextLoader            : Root WebApplicationContext: initialization completed in 3781 ms
2020-03-02 05:53:42.614  INFO 7864 --- [    Test worker] com.zaxxer.hikari.HikariDataSource       : HikariPool-2 - Starting...
2020-03-02 05:53:42.620  INFO 7864 --- [    Test worker] com.zaxxer.hikari.HikariDataSource       : HikariPool-2 - Start completed.
2020-03-02 05:53:42.764  INFO 7864 --- [    Test worker] o.hibernate.jpa.internal.util.LogHelper  : HHH000204: Processing PersistenceUnitInfo [
	name: default
	...]
2020-03-02 05:53:42.802  INFO 7864 --- [    Test worker] org.hibernate.dialect.Dialect            : HHH000400: Using dialect: org.hibernate.dialect.MySQL5InnoDBDialect
Hibernate: drop table if exists posts
Hibernate: drop table if exists user
Hibernate: create table posts (id bigint not null auto_increment, created_date datetime, modified_date datetime, author varchar(255), content TEXT not null, title varchar(500) not null, primary key (id)) engine=InnoDB
Hibernate: create table user (id bigint not null auto_increment, created_date datetime, modified_date datetime, email varchar(255) not null, name varchar(255) not null, picture varchar(255), role varchar(255) not null, primary key (id)) engine=InnoDB
2020-03-02 05:53:43.079  INFO 7864 --- [    Test worker] o.h.t.schema.internal.SchemaCreatorImpl  : HHH000476: Executing import script 'org.hibernate.tool.schema.internal.exec.ScriptSourceInputNonExistentImpl@5517b597'
2020-03-02 05:53:43.096  INFO 7864 --- [    Test worker] j.LocalContainerEntityManagerFactoryBean : Initialized JPA EntityManagerFactory for persistence unit 'default'
2020-03-02 05:53:44.068  INFO 7864 --- [    Test worker] o.h.h.i.QueryTranslatorFactoryInitiator  : HHH000397: Using ASTQueryTranslatorFactory
2020-03-02 05:53:44.558  INFO 7864 --- [    Test worker] o.s.s.web.DefaultSecurityFilterChain     : Creating filter chain: any request, [org.springframework.security.web.context.request.async.WebAsyncManagerIntegrationFilter@29ca4eb5, org.springframework.security.web.context.SecurityContextPersistenceFilter@76de50c7, org.springframework.security.web.header.HeaderWriterFilter@4797aa09, org.springframework.security.web.authentication.logout.LogoutFilter@49b2be81, org.springframework.security.oauth2.client.web.OAuth2AuthorizationRequestRedirectFilter@6781352, org.springframework.security.oauth2.client.web.OAuth2LoginAuthenticationFilter@568411e8, org.springframework.security.web.authentication.ui.DefaultLoginPageGeneratingFilter@4dee8793, org.springframework.security.web.authentication.ui.DefaultLogoutPageGeneratingFilter@1e2a8b57, org.springframework.security.web.savedrequest.RequestCacheAwareFilter@678d348b, org.springframework.security.web.servletapi.SecurityContextHolderAwareRequestFilter@1d300d91, org.springframework.security.web.authentication.AnonymousAuthenticationFilter@580ef943, org.springframework.security.web.session.SessionManagementFilter@68770f33, org.springframework.security.web.access.ExceptionTranslationFilter@2b4740af, org.springframework.security.web.access.intercept.FilterSecurityInterceptor@78e9e7dc]
2020-03-02 05:53:45.275  INFO 7864 --- [    Test worker] o.s.s.concurrent.ThreadPoolTaskExecutor  : Initializing ExecutorService 'applicationTaskExecutor'
2020-03-02 05:53:45.337  WARN 7864 --- [    Test worker] aWebConfiguration$JpaWebMvcConfiguration : spring.jpa.open-in-view is enabled by default. Therefore, database queries may be performed during view rendering. Explicitly configure spring.jpa.open-in-view to disable this warning
2020-03-02 05:53:45.490  INFO 7864 --- [    Test worker] o.s.b.a.w.s.WelcomePageHandlerMapping    : Adding welcome page template: index
2020-03-02 05:53:47.364  INFO 7864 --- [    Test worker] s.a.ScheduledAnnotationBeanPostProcessor : No TaskScheduler/ScheduledExecutorService bean found for scheduled processing
2020-03-02 05:53:47.432  INFO 7864 --- [    Test worker] o.s.b.w.embedded.tomcat.TomcatWebServer  : Tomcat started on port(s): 56670 (http) with context path ''
2020-03-02 05:53:47.438  INFO 7864 --- [    Test worker] c.j.b.ojonghwa.web.IndexControllerTest   : Started IndexControllerTest in 9.753 seconds (JVM running for 49.299)
2020-03-02 05:53:47.854  INFO 7864 --- [-auto-1-exec-10] o.a.c.c.C.[Tomcat].[localhost].[/]       : Initializing Spring DispatcherServlet 'dispatcherServlet'
2020-03-02 05:53:47.858  INFO 7864 --- [-auto-1-exec-10] o.s.web.servlet.DispatcherServlet        : Initializing Servlet 'dispatcherServlet'
2020-03-02 05:53:48.093  INFO 7864 --- [-auto-1-exec-10] o.s.web.servlet.DispatcherServlet        : Completed initialization in 107 ms
Hibernate: select posts0_.id as id1_0_, posts0_.created_date as created_2_0_, posts0_.modified_date as modified3_0_, posts0_.author as author4_0_, posts0_.content as content5_0_, posts0_.title as title6_0_ from posts posts0_ order by posts0_.id DESC
]]></system-out>
  <system-err><![CDATA[]]></system-err>
</testsuite>
