<?xml version="1.0" encoding="UTF-8"?>
<testsuite name="com.jojoldu.book.ojonghwa.web.IndexControllerTest" tests="1" skipped="0" failures="0" errors="0" timestamp="2020-02-29T12:55:24" hostname="ojonghwa" time="1.032">
  <properties/>
  <testcase name="메인페이지_로딩" classname="com.jojoldu.book.ojonghwa.web.IndexControllerTest" time="1.032"/>
  <system-out><![CDATA[2020-02-29 21:55:11.145  INFO 1384 --- [    Test worker] .b.t.c.SpringBootTestContextBootstrapper : Neither @ContextConfiguration nor @ContextHierarchy found for test class [com.jojoldu.book.ojonghwa.web.IndexControllerTest], using SpringBootContextLoader
2020-02-29 21:55:11.147  INFO 1384 --- [    Test worker] o.s.t.c.support.AbstractContextLoader    : Could not detect default resource locations for test class [com.jojoldu.book.ojonghwa.web.IndexControllerTest]: no resource found for suffixes {-context.xml, Context.groovy}.
2020-02-29 21:55:11.148  INFO 1384 --- [    Test worker] t.c.s.AnnotationConfigContextLoaderUtils : Could not detect default configuration classes for test class [com.jojoldu.book.ojonghwa.web.IndexControllerTest]: IndexControllerTest does not declare any static, non-private, non-final, nested classes annotated with @Configuration.
2020-02-29 21:55:11.150  INFO 1384 --- [    Test worker] .b.t.c.SpringBootTestContextBootstrapper : Found @SpringBootConfiguration com.jojoldu.book.ojonghwa.Application for test class com.jojoldu.book.ojonghwa.web.IndexControllerTest
2020-02-29 21:55:11.153  INFO 1384 --- [    Test worker] .b.t.c.SpringBootTestContextBootstrapper : Loaded default TestExecutionListener class names from location [META-INF/spring.factories]: [org.springframework.security.test.context.support.WithSecurityContextTestExecutionListener, org.springframework.security.test.context.support.ReactorContextTestExecutionListener, org.springframework.boot.test.autoconfigure.restdocs.RestDocsTestExecutionListener, org.springframework.boot.test.autoconfigure.web.client.MockRestServiceServerResetTestExecutionListener, org.springframework.boot.test.autoconfigure.web.servlet.MockMvcPrintOnlyOnFailureTestExecutionListener, org.springframework.boot.test.autoconfigure.web.servlet.WebDriverTestExecutionListener, org.springframework.boot.test.mock.mockito.MockitoTestExecutionListener, org.springframework.boot.test.mock.mockito.ResetMocksTestExecutionListener, org.springframework.test.context.web.ServletTestExecutionListener, org.springframework.test.context.support.DirtiesContextBeforeModesTestExecutionListener, org.springframework.test.context.support.DependencyInjectionTestExecutionListener, org.springframework.test.context.support.DirtiesContextTestExecutionListener, org.springframework.test.context.transaction.TransactionalTestExecutionListener, org.springframework.test.context.jdbc.SqlScriptsTestExecutionListener]
2020-02-29 21:55:11.158  INFO 1384 --- [    Test worker] .b.t.c.SpringBootTestContextBootstrapper : Using TestExecutionListeners: [org.springframework.test.context.web.ServletTestExecutionListener@7e437977, org.springframework.test.context.support.DirtiesContextBeforeModesTestExecutionListener@2bef5f70, org.springframework.boot.test.mock.mockito.MockitoTestExecutionListener@4baf5e95, org.springframework.boot.test.autoconfigure.SpringBootDependencyInjectionTestExecutionListener@68f53702, org.springframework.test.context.support.DirtiesContextTestExecutionListener@d9873aa, org.springframework.test.context.transaction.TransactionalTestExecutionListener@5cdda9b6, org.springframework.test.context.jdbc.SqlScriptsTestExecutionListener@6db71f4e, org.springframework.security.test.context.support.WithSecurityContextTestExecutionListener@2c3b68dd, org.springframework.security.test.context.support.ReactorContextTestExecutionListener@62704bd3, org.springframework.boot.test.autoconfigure.restdocs.RestDocsTestExecutionListener@53d1ce32, org.springframework.boot.test.autoconfigure.web.client.MockRestServiceServerResetTestExecutionListener@6c9e669, org.springframework.boot.test.autoconfigure.web.servlet.MockMvcPrintOnlyOnFailureTestExecutionListener@71431bed, org.springframework.boot.test.autoconfigure.web.servlet.WebDriverTestExecutionListener@118df8c5, org.springframework.boot.test.mock.mockito.ResetMocksTestExecutionListener@4cf00498]

  .   ____          _            __ _ _
 /\\ / ___'_ __ _ _(_)_ __  __ _ \ \ \ \
( ( )\___ | '_ | '_| | '_ \/ _` | \ \ \ \
 \\/  ___)| |_)| | | | | || (_| |  ) ) ) )
  '  |____| .__|_| |_|_| |_\__, | / / / /
 =========|_|==============|___/=/_/_/_/
 :: Spring Boot ::        (v2.1.9.RELEASE)

2020-02-29 21:55:11.356  INFO 1384 --- [    Test worker] c.j.b.ojonghwa.web.IndexControllerTest   : Starting IndexControllerTest on ojonghwa with PID 1384 (started by jonghwa in D:\spring)
2020-02-29 21:55:11.357  INFO 1384 --- [    Test worker] c.j.b.ojonghwa.web.IndexControllerTest   : No active profile set, falling back to default profiles: default
2020-02-29 21:55:12.397  INFO 1384 --- [    Test worker] .s.d.r.c.RepositoryConfigurationDelegate : Bootstrapping Spring Data repositories in DEFAULT mode.
2020-02-29 21:55:12.614  INFO 1384 --- [    Test worker] .s.d.r.c.RepositoryConfigurationDelegate : Finished Spring Data repository scanning in 213ms. Found 2 repository interfaces.
2020-02-29 21:55:14.360  INFO 1384 --- [    Test worker] trationDelegate$BeanPostProcessorChecker : Bean 'org.springframework.transaction.annotation.ProxyTransactionManagementConfiguration' of type [org.springframework.transaction.annotation.ProxyTransactionManagementConfiguration$$EnhancerBySpringCGLIB$$dccbb001] is not eligible for getting processed by all BeanPostProcessors (for example: not eligible for auto-proxying)
2020-02-29 21:55:16.213  INFO 1384 --- [    Test worker] o.s.b.w.embedded.tomcat.TomcatWebServer  : Tomcat initialized with port(s): 0 (http)
2020-02-29 21:55:16.462  INFO 1384 --- [    Test worker] o.apache.catalina.core.StandardService   : Starting service [Tomcat]
2020-02-29 21:55:16.473  INFO 1384 --- [    Test worker] org.apache.catalina.core.StandardEngine  : Starting Servlet engine: [Apache Tomcat/9.0.26]
2020-02-29 21:55:17.740  INFO 1384 --- [    Test worker] o.a.c.c.C.[Tomcat].[localhost].[/]       : Initializing Spring embedded WebApplicationContext
2020-02-29 21:55:17.746  INFO 1384 --- [    Test worker] o.s.web.context.ContextLoader            : Root WebApplicationContext: initialization completed in 6386 ms
2020-02-29 21:55:19.926  INFO 1384 --- [    Test worker] com.zaxxer.hikari.HikariDataSource       : HikariPool-2 - Starting...
2020-02-29 21:55:19.937  INFO 1384 --- [    Test worker] com.zaxxer.hikari.HikariDataSource       : HikariPool-2 - Start completed.
2020-02-29 21:55:20.145  INFO 1384 --- [    Test worker] o.hibernate.jpa.internal.util.LogHelper  : HHH000204: Processing PersistenceUnitInfo [
	name: default
	...]
2020-02-29 21:55:20.221  INFO 1384 --- [    Test worker] org.hibernate.dialect.Dialect            : HHH000400: Using dialect: org.hibernate.dialect.MySQL5InnoDBDialect
Hibernate: drop table if exists posts
Hibernate: drop table if exists user
Hibernate: create table posts (id bigint not null auto_increment, created_date datetime, modified_date datetime, author varchar(255), content TEXT not null, title varchar(500) not null, primary key (id)) engine=InnoDB
Hibernate: create table user (id bigint not null auto_increment, created_date datetime, modified_date datetime, email varchar(255) not null, name varchar(255) not null, picture varchar(255), role varchar(255) not null, primary key (id)) engine=InnoDB
2020-02-29 21:55:20.843  INFO 1384 --- [    Test worker] o.h.t.schema.internal.SchemaCreatorImpl  : HHH000476: Executing import script 'org.hibernate.tool.schema.internal.exec.ScriptSourceInputNonExistentImpl@3582d65'
2020-02-29 21:55:20.846  INFO 1384 --- [    Test worker] j.LocalContainerEntityManagerFactoryBean : Initialized JPA EntityManagerFactory for persistence unit 'default'
2020-02-29 21:55:22.588  INFO 1384 --- [    Test worker] o.h.h.i.QueryTranslatorFactoryInitiator  : HHH000397: Using ASTQueryTranslatorFactory
2020-02-29 21:55:22.983  INFO 1384 --- [    Test worker] o.s.s.web.DefaultSecurityFilterChain     : Creating filter chain: any request, [org.springframework.security.web.context.request.async.WebAsyncManagerIntegrationFilter@6b767f69, org.springframework.security.web.context.SecurityContextPersistenceFilter@5f7f120e, org.springframework.security.web.header.HeaderWriterFilter@32c19d31, org.springframework.security.web.authentication.logout.LogoutFilter@43e13d1a, org.springframework.security.oauth2.client.web.OAuth2AuthorizationRequestRedirectFilter@5857e1e8, org.springframework.security.oauth2.client.web.OAuth2LoginAuthenticationFilter@24b886ad, org.springframework.security.web.authentication.ui.DefaultLoginPageGeneratingFilter@6429bcf3, org.springframework.security.web.authentication.ui.DefaultLogoutPageGeneratingFilter@10088f15, org.springframework.security.web.savedrequest.RequestCacheAwareFilter@4cceabc4, org.springframework.security.web.servletapi.SecurityContextHolderAwareRequestFilter@72d88f79, org.springframework.security.web.authentication.AnonymousAuthenticationFilter@7737645d, org.springframework.security.web.session.SessionManagementFilter@af3929b, org.springframework.security.web.access.ExceptionTranslationFilter@ae32825, org.springframework.security.web.access.intercept.FilterSecurityInterceptor@6ac238fa]
2020-02-29 21:55:23.688  INFO 1384 --- [    Test worker] o.s.s.concurrent.ThreadPoolTaskExecutor  : Initializing ExecutorService 'applicationTaskExecutor'
2020-02-29 21:55:23.717  WARN 1384 --- [    Test worker] aWebConfiguration$JpaWebMvcConfiguration : spring.jpa.open-in-view is enabled by default. Therefore, database queries may be performed during view rendering. Explicitly configure spring.jpa.open-in-view to disable this warning
2020-02-29 21:55:23.794  INFO 1384 --- [    Test worker] o.s.b.a.w.s.WelcomePageHandlerMapping    : Adding welcome page template: index
2020-02-29 21:55:24.564  INFO 1384 --- [    Test worker] s.a.ScheduledAnnotationBeanPostProcessor : No TaskScheduler/ScheduledExecutorService bean found for scheduled processing
2020-02-29 21:55:24.634  INFO 1384 --- [    Test worker] o.s.b.w.embedded.tomcat.TomcatWebServer  : Tomcat started on port(s): 61521 (http) with context path ''
2020-02-29 21:55:24.639  INFO 1384 --- [    Test worker] c.j.b.ojonghwa.web.IndexControllerTest   : Started IndexControllerTest in 13.476 seconds (JVM running for 70.364)
2020-02-29 21:55:25.252  INFO 1384 --- [o-auto-1-exec-1] o.a.c.c.C.[Tomcat].[localhost].[/]       : Initializing Spring DispatcherServlet 'dispatcherServlet'
2020-02-29 21:55:25.259  INFO 1384 --- [o-auto-1-exec-1] o.s.web.servlet.DispatcherServlet        : Initializing Servlet 'dispatcherServlet'
2020-02-29 21:55:25.372  INFO 1384 --- [o-auto-1-exec-1] o.s.web.servlet.DispatcherServlet        : Completed initialization in 102 ms
Hibernate: select posts0_.id as id1_0_, posts0_.created_date as created_2_0_, posts0_.modified_date as modified3_0_, posts0_.author as author4_0_, posts0_.content as content5_0_, posts0_.title as title6_0_ from posts posts0_ order by posts0_.id DESC
]]></system-out>
  <system-err><![CDATA[]]></system-err>
</testsuite>
