<?xml version="1.0" encoding="UTF-8"?>
<testsuite name="com.jojoldu.book.ojonghwa.web.HelloControllerTest" tests="2" skipped="0" failures="0" errors="0" timestamp="2020-02-29T12:55:10" hostname="ojonghwa" time="1.131">
  <properties/>
  <testcase name="hello가_리턴된다" classname="com.jojoldu.book.ojonghwa.web.HelloControllerTest" time="0.182"/>
  <testcase name="helloDto가_리턴된다" classname="com.jojoldu.book.ojonghwa.web.HelloControllerTest" time="0.353"/>
  <system-out><![CDATA[2020-02-29 21:55:06.277  INFO 1384 --- [    Test worker] .b.t.a.w.s.WebMvcTestContextBootstrapper : Neither @ContextConfiguration nor @ContextHierarchy found for test class [com.jojoldu.book.ojonghwa.web.HelloControllerTest], using SpringBootContextLoader
2020-02-29 21:55:06.284  INFO 1384 --- [    Test worker] o.s.t.c.support.AbstractContextLoader    : Could not detect default resource locations for test class [com.jojoldu.book.ojonghwa.web.HelloControllerTest]: no resource found for suffixes {-context.xml, Context.groovy}.
2020-02-29 21:55:06.285  INFO 1384 --- [    Test worker] t.c.s.AnnotationConfigContextLoaderUtils : Could not detect default configuration classes for test class [com.jojoldu.book.ojonghwa.web.HelloControllerTest]: HelloControllerTest does not declare any static, non-private, non-final, nested classes annotated with @Configuration.
2020-02-29 21:55:06.544  INFO 1384 --- [    Test worker] .b.t.c.SpringBootTestContextBootstrapper : Found @SpringBootConfiguration com.jojoldu.book.ojonghwa.Application for test class com.jojoldu.book.ojonghwa.web.HelloControllerTest
2020-02-29 21:55:06.548  INFO 1384 --- [    Test worker] .b.t.a.w.s.WebMvcTestContextBootstrapper : Loaded default TestExecutionListener class names from location [META-INF/spring.factories]: [org.springframework.security.test.context.support.WithSecurityContextTestExecutionListener, org.springframework.security.test.context.support.ReactorContextTestExecutionListener, org.springframework.boot.test.autoconfigure.restdocs.RestDocsTestExecutionListener, org.springframework.boot.test.autoconfigure.web.client.MockRestServiceServerResetTestExecutionListener, org.springframework.boot.test.autoconfigure.web.servlet.MockMvcPrintOnlyOnFailureTestExecutionListener, org.springframework.boot.test.autoconfigure.web.servlet.WebDriverTestExecutionListener, org.springframework.boot.test.mock.mockito.MockitoTestExecutionListener, org.springframework.boot.test.mock.mockito.ResetMocksTestExecutionListener, org.springframework.test.context.web.ServletTestExecutionListener, org.springframework.test.context.support.DirtiesContextBeforeModesTestExecutionListener, org.springframework.test.context.support.DependencyInjectionTestExecutionListener, org.springframework.test.context.support.DirtiesContextTestExecutionListener, org.springframework.test.context.transaction.TransactionalTestExecutionListener, org.springframework.test.context.jdbc.SqlScriptsTestExecutionListener]
2020-02-29 21:55:06.567  INFO 1384 --- [    Test worker] .b.t.a.w.s.WebMvcTestContextBootstrapper : Using TestExecutionListeners: [org.springframework.test.context.web.ServletTestExecutionListener@3bdba4a5, org.springframework.test.context.support.DirtiesContextBeforeModesTestExecutionListener@2b5c1f32, org.springframework.boot.test.mock.mockito.MockitoTestExecutionListener@6d0bbd8b, org.springframework.boot.test.autoconfigure.SpringBootDependencyInjectionTestExecutionListener@527c3553, org.springframework.test.context.support.DirtiesContextTestExecutionListener@34645d35, org.springframework.test.context.transaction.TransactionalTestExecutionListener@7f8a7104, org.springframework.test.context.jdbc.SqlScriptsTestExecutionListener@4f5d7c9b, org.springframework.security.test.context.support.WithSecurityContextTestExecutionListener@7cb80e8e, org.springframework.security.test.context.support.ReactorContextTestExecutionListener@6a2379d9, org.springframework.boot.test.autoconfigure.restdocs.RestDocsTestExecutionListener@460d27c8, org.springframework.boot.test.autoconfigure.web.client.MockRestServiceServerResetTestExecutionListener@62103236, org.springframework.boot.test.autoconfigure.web.servlet.MockMvcPrintOnlyOnFailureTestExecutionListener@5e609c84, org.springframework.boot.test.autoconfigure.web.servlet.WebDriverTestExecutionListener@2ffccb20, org.springframework.boot.test.mock.mockito.ResetMocksTestExecutionListener@e09a70]

  .   ____          _            __ _ _
 /\\ / ___'_ __ _ _(_)_ __  __ _ \ \ \ \
( ( )\___ | '_ | '_| | '_ \/ _` | \ \ \ \
 \\/  ___)| |_)| | | | | || (_| |  ) ) ) )
  '  |____| .__|_| |_|_| |_\__, | / / / /
 =========|_|==============|___/=/_/_/_/
 :: Spring Boot ::        (v2.1.9.RELEASE)

2020-02-29 21:55:06.906  INFO 1384 --- [    Test worker] c.j.b.ojonghwa.web.HelloControllerTest   : Starting HelloControllerTest on ojonghwa with PID 1384 (started by jonghwa in D:\spring)
2020-02-29 21:55:06.977  INFO 1384 --- [    Test worker] c.j.b.ojonghwa.web.HelloControllerTest   : No active profile set, falling back to default profiles: default
2020-02-29 21:55:08.445  INFO 1384 --- [    Test worker] o.s.s.concurrent.ThreadPoolTaskExecutor  : Initializing ExecutorService 'applicationTaskExecutor'
2020-02-29 21:55:08.563  INFO 1384 --- [    Test worker] o.s.b.a.w.s.WelcomePageHandlerMapping    : Adding welcome page template: index
2020-02-29 21:55:09.108  INFO 1384 --- [    Test worker] .s.s.UserDetailsServiceAutoConfiguration : 

Using generated security password: 1c08decb-14e5-45e4-9eb9-f72a72dd13ab

2020-02-29 21:55:09.734  INFO 1384 --- [    Test worker] o.s.s.web.DefaultSecurityFilterChain     : Creating filter chain: any request, [org.springframework.security.web.context.request.async.WebAsyncManagerIntegrationFilter@70f4a65d, org.springframework.security.web.context.SecurityContextPersistenceFilter@77c26318, org.springframework.security.web.header.HeaderWriterFilter@1dbf48c0, org.springframework.security.web.csrf.CsrfFilter@38d2222b, org.springframework.security.web.authentication.logout.LogoutFilter@2ebb9228, org.springframework.security.web.authentication.UsernamePasswordAuthenticationFilter@2d5b1cf7, org.springframework.security.web.authentication.ui.DefaultLoginPageGeneratingFilter@1adb0423, org.springframework.security.web.authentication.ui.DefaultLogoutPageGeneratingFilter@6c97b020, org.springframework.security.web.authentication.www.BasicAuthenticationFilter@79203eb, org.springframework.security.web.savedrequest.RequestCacheAwareFilter@669aafac, org.springframework.security.web.servletapi.SecurityContextHolderAwareRequestFilter@18402f7, org.springframework.security.web.authentication.AnonymousAuthenticationFilter@7b8d7b02, org.springframework.security.web.session.SessionManagementFilter@3455f226, org.springframework.security.web.access.ExceptionTranslationFilter@8533347, org.springframework.security.web.access.intercept.FilterSecurityInterceptor@39a0d63b]
2020-02-29 21:55:09.832  INFO 1384 --- [    Test worker] o.s.b.t.m.w.SpringBootMockServletContext : Initializing Spring TestDispatcherServlet ''
2020-02-29 21:55:09.835  INFO 1384 --- [    Test worker] o.s.t.web.servlet.TestDispatcherServlet  : Initializing Servlet ''
2020-02-29 21:55:09.886  INFO 1384 --- [    Test worker] o.s.t.web.servlet.TestDispatcherServlet  : Completed initialization in 47 ms
2020-02-29 21:55:09.990  INFO 1384 --- [    Test worker] c.j.b.ojonghwa.web.HelloControllerTest   : Started HelloControllerTest in 3.299 seconds (JVM running for 55.716)
]]></system-out>
  <system-err><![CDATA[]]></system-err>
</testsuite>
