<?xml version="1.0" encoding="UTF-8"?>
<testsuite name="com.jojoldu.book.ojonghwa.web.HelloControllerTest" tests="2" skipped="0" failures="0" errors="0" timestamp="2020-03-02T13:57:38" hostname="ojonghwa" time="0.384">
  <properties/>
  <testcase name="hello가_리턴된다" classname="com.jojoldu.book.ojonghwa.web.HelloControllerTest" time="0.091"/>
  <testcase name="helloDto가_리턴된다" classname="com.jojoldu.book.ojonghwa.web.HelloControllerTest" time="0.288"/>
  <system-out><![CDATA[2020-03-02 22:57:35.034  INFO 4700 --- [    Test worker] .b.t.a.w.s.WebMvcTestContextBootstrapper : Neither @ContextConfiguration nor @ContextHierarchy found for test class [com.jojoldu.book.ojonghwa.web.HelloControllerTest], using SpringBootContextLoader
2020-03-02 22:57:35.039  INFO 4700 --- [    Test worker] o.s.t.c.support.AbstractContextLoader    : Could not detect default resource locations for test class [com.jojoldu.book.ojonghwa.web.HelloControllerTest]: no resource found for suffixes {-context.xml, Context.groovy}.
2020-03-02 22:57:35.042  INFO 4700 --- [    Test worker] t.c.s.AnnotationConfigContextLoaderUtils : Could not detect default configuration classes for test class [com.jojoldu.book.ojonghwa.web.HelloControllerTest]: HelloControllerTest does not declare any static, non-private, non-final, nested classes annotated with @Configuration.
2020-03-02 22:57:35.101  INFO 4700 --- [    Test worker] .b.t.c.SpringBootTestContextBootstrapper : Found @SpringBootConfiguration com.jojoldu.book.ojonghwa.Application for test class com.jojoldu.book.ojonghwa.web.HelloControllerTest
2020-03-02 22:57:35.107  INFO 4700 --- [    Test worker] .b.t.a.w.s.WebMvcTestContextBootstrapper : Loaded default TestExecutionListener class names from location [META-INF/spring.factories]: [org.springframework.security.test.context.support.WithSecurityContextTestExecutionListener, org.springframework.security.test.context.support.ReactorContextTestExecutionListener, org.springframework.boot.test.autoconfigure.restdocs.RestDocsTestExecutionListener, org.springframework.boot.test.autoconfigure.web.client.MockRestServiceServerResetTestExecutionListener, org.springframework.boot.test.autoconfigure.web.servlet.MockMvcPrintOnlyOnFailureTestExecutionListener, org.springframework.boot.test.autoconfigure.web.servlet.WebDriverTestExecutionListener, org.springframework.boot.test.mock.mockito.MockitoTestExecutionListener, org.springframework.boot.test.mock.mockito.ResetMocksTestExecutionListener, org.springframework.test.context.web.ServletTestExecutionListener, org.springframework.test.context.support.DirtiesContextBeforeModesTestExecutionListener, org.springframework.test.context.support.DependencyInjectionTestExecutionListener, org.springframework.test.context.support.DirtiesContextTestExecutionListener, org.springframework.test.context.transaction.TransactionalTestExecutionListener, org.springframework.test.context.jdbc.SqlScriptsTestExecutionListener]
2020-03-02 22:57:35.113  INFO 4700 --- [    Test worker] .b.t.a.w.s.WebMvcTestContextBootstrapper : Using TestExecutionListeners: [org.springframework.test.context.web.ServletTestExecutionListener@4b99b153, org.springframework.test.context.support.DirtiesContextBeforeModesTestExecutionListener@41be0542, org.springframework.boot.test.mock.mockito.MockitoTestExecutionListener@696d2058, org.springframework.boot.test.autoconfigure.SpringBootDependencyInjectionTestExecutionListener@2dc099bb, org.springframework.test.context.support.DirtiesContextTestExecutionListener@2b55a679, org.springframework.test.context.transaction.TransactionalTestExecutionListener@1af03244, org.springframework.test.context.jdbc.SqlScriptsTestExecutionListener@1a9faea2, org.springframework.security.test.context.support.WithSecurityContextTestExecutionListener@33bbf10b, org.springframework.security.test.context.support.ReactorContextTestExecutionListener@35dbef6b, org.springframework.boot.test.autoconfigure.restdocs.RestDocsTestExecutionListener@2ea28986, org.springframework.boot.test.autoconfigure.web.client.MockRestServiceServerResetTestExecutionListener@492fc84e, org.springframework.boot.test.autoconfigure.web.servlet.MockMvcPrintOnlyOnFailureTestExecutionListener@25704bc9, org.springframework.boot.test.autoconfigure.web.servlet.WebDriverTestExecutionListener@4fba48bb, org.springframework.boot.test.mock.mockito.ResetMocksTestExecutionListener@75ee0673]

  .   ____          _            __ _ _
 /\\ / ___'_ __ _ _(_)_ __  __ _ \ \ \ \
( ( )\___ | '_ | '_| | '_ \/ _` | \ \ \ \
 \\/  ___)| |_)| | | | | || (_| |  ) ) ) )
  '  |____| .__|_| |_|_| |_\__, | / / / /
 =========|_|==============|___/=/_/_/_/
 :: Spring Boot ::        (v2.1.9.RELEASE)

2020-03-02 22:57:35.360  INFO 4700 --- [    Test worker] c.j.b.ojonghwa.web.HelloControllerTest   : Starting HelloControllerTest on ojonghwa with PID 4700 (started by jonghwa in D:\spring)
2020-03-02 22:57:35.364  INFO 4700 --- [    Test worker] c.j.b.ojonghwa.web.HelloControllerTest   : No active profile set, falling back to default profiles: default
2020-03-02 22:57:36.596  INFO 4700 --- [    Test worker] o.s.s.concurrent.ThreadPoolTaskExecutor  : Initializing ExecutorService 'applicationTaskExecutor'
2020-03-02 22:57:36.696  INFO 4700 --- [    Test worker] o.s.b.a.w.s.WelcomePageHandlerMapping    : Adding welcome page template: index
2020-03-02 22:57:37.292  INFO 4700 --- [    Test worker] .s.s.UserDetailsServiceAutoConfiguration : 

Using generated security password: e6dc4fb7-464a-4985-837c-79d14b00055d

2020-03-02 22:57:37.817  INFO 4700 --- [    Test worker] o.s.s.web.DefaultSecurityFilterChain     : Creating filter chain: any request, [org.springframework.security.web.context.request.async.WebAsyncManagerIntegrationFilter@6d806608, org.springframework.security.web.context.SecurityContextPersistenceFilter@4e2d1bef, org.springframework.security.web.header.HeaderWriterFilter@2b8f4767, org.springframework.security.web.csrf.CsrfFilter@4f03510c, org.springframework.security.web.authentication.logout.LogoutFilter@23930185, org.springframework.security.web.authentication.UsernamePasswordAuthenticationFilter@6bc7e62, org.springframework.security.web.authentication.ui.DefaultLoginPageGeneratingFilter@36af5bed, org.springframework.security.web.authentication.ui.DefaultLogoutPageGeneratingFilter@74d5a2c0, org.springframework.security.web.authentication.www.BasicAuthenticationFilter@36a578fa, org.springframework.security.web.savedrequest.RequestCacheAwareFilter@162b2a42, org.springframework.security.web.servletapi.SecurityContextHolderAwareRequestFilter@47cee39f, org.springframework.security.web.authentication.AnonymousAuthenticationFilter@69aa6608, org.springframework.security.web.session.SessionManagementFilter@7ed1f82b, org.springframework.security.web.access.ExceptionTranslationFilter@28ee160e, org.springframework.security.web.access.intercept.FilterSecurityInterceptor@70b08554]
2020-03-02 22:57:37.882  INFO 4700 --- [    Test worker] o.s.b.t.m.w.SpringBootMockServletContext : Initializing Spring TestDispatcherServlet ''
2020-03-02 22:57:37.884  INFO 4700 --- [    Test worker] o.s.t.web.servlet.TestDispatcherServlet  : Initializing Servlet ''
2020-03-02 22:57:37.929  INFO 4700 --- [    Test worker] o.s.t.web.servlet.TestDispatcherServlet  : Completed initialization in 42 ms
2020-03-02 22:57:38.001  INFO 4700 --- [    Test worker] c.j.b.ojonghwa.web.HelloControllerTest   : Started HelloControllerTest in 2.874 seconds (JVM running for 44.863)
]]></system-out>
  <system-err><![CDATA[]]></system-err>
</testsuite>
